<?xml version="1.0" encoding="UTF-8"?>
<testsuite xmlns:xsi="http://www.w3.org/2001/XMLSchema-instance" xsi:noNamespaceSchemaLocation="https://maven.apache.org/surefire/maven-surefire-plugin/xsd/surefire-test-report.xsd" version="3.0.2" name="org.jwj.chat.ChatApplicationTests" time="1.481" tests="1" errors="0" skipped="0" failures="0">
  <properties>
[...]
</properties>
  <testcase name="contextLoads" classname="org.jwj.chat.ChatApplicationTests" time="0.634">
    <system-out><![CDATA[21:38:10.016 [main] INFO org.springframework.test.context.support.AnnotationConfigContextLoaderUtils -- Could not detect default configuration classes for test class [org.jwj.chat.ChatApplicationTests]: ChatApplicationTests does not declare any static, non-private, non-final, nested classes annotated with @Configuration.
21:38:10.104 [main] INFO org.springframework.boot.test.context.SpringBootTestContextBootstrapper -- Found @SpringBootConfiguration org.jwj.chat.ChatApplication for test class org.jwj.chat.ChatApplicationTests

  .   ____          _            __ _ _
 /\\ / ___'_ __ _ _(_)_ __  __ _ \ \ \ \
( ( )\___ | '_ | '_| | '_ \/ _` | \ \ \ \
 \\/  ___)| |_)| | | | | || (_| |  ) ) ) )
  '  |____| .__|_| |_|_| |_\__, | / / / /
 =========|_|==============|___/=/_/_/_/

 :: Spring Boot ::                (v3.4.4)

2025-03-27T21:38:10.439+08:00  INFO 7672 --- [chat] [           main] org.jwj.chat.ChatApplicationTests        : Starting ChatApplicationTests using Java 17.0.12 with PID 7672 (started by jwj44 in D:\Code\Java\Projects\danmu-yun\chat)
2025-03-27T21:38:10.440+08:00  INFO 7672 --- [chat] [           main] org.jwj.chat.ChatApplicationTests        : No active profile set, falling back to 1 default profile: "default"
2025-03-27T21:38:10.754+08:00  INFO 7672 --- [chat] [           main] org.jwj.chat.ChatApplicationTests        : Started ChatApplicationTests in 0.523 seconds (process running for 1.225)
]]></system-out>
  </testcase>
</testsuite>